<?xml version="1.0" encoding="UTF-8"?>
<testsuite xmlns:xsi="http://www.w3.org/2001/XMLSchema-instance" xsi:noNamespaceSchemaLocation="https://maven.apache.org/surefire/maven-surefire-plugin/xsd/surefire-test-report.xsd" name="TestSuite" time="16.019" tests="2" errors="0" skipped="0" failures="0">
  <properties>
[...]
</properties>
  <testcase name="testExample" classname="com.example.scripts.BrowserTest" time="11.542"/>
  <testcase name="testApp on testApp(com.example.scripts.AppTest)" classname="com.example.scripts.AppTest" time="12.51"/>
</testsuite>